<?xml version="1.0" encoding="UTF-8"?>
<!-- Generated by org.testng.reporters.JUnitXMLReporter -->
<testsuite ignored="0" hostname="ETC1304235" failures="3" tests="3" name="Test" time="0.088" errors="0" timestamp="22 Dec 2022 12:17:11 GMT">
  <testcase classname="com.excelr.module3.Assignment3" name="clickForms" time="0.023">
    <failure type="java.lang.NullPointerException" message="Cannot invoke &amp;quot;org.openqa.selenium.WebDriver.findElement(org.openqa.selenium.By)&amp;quot; because &amp;quot;this.driver&amp;quot; is null">
      <![CDATA[java.lang.NullPointerException: Cannot invoke "org.openqa.selenium.WebDriver.findElement(org.openqa.selenium.By)" because "this.driver" is null
at com.excelr.module3.Assignment3.clickForms(Assignment3.java:30)
... Removed 25 stack frames]]>
    </failure>
  </testcase> <!-- clickForms -->
  <testcase classname="com.excelr.module3.Assignment3" name="clickPracticeForms" time="0.002">
    <failure type="java.lang.NullPointerException" message="Cannot invoke &amp;quot;org.openqa.selenium.WebDriver.findElement(org.openqa.selenium.By)&amp;quot; because &amp;quot;this.driver&amp;quot; is null">
      <![CDATA[java.lang.NullPointerException: Cannot invoke "org.openqa.selenium.WebDriver.findElement(org.openqa.selenium.By)" because "this.driver" is null
at com.excelr.module3.Assignment3.clickPracticeForms(Assignment3.java:42)
... Removed 25 stack frames]]>
    </failure>
  </testcase> <!-- clickPracticeForms -->
  <testcase classname="com.excelr.module3.Assignment3" name="FillForm" time="0.004">
    <failure type="java.lang.NullPointerException" message="Cannot invoke &amp;quot;org.openqa.selenium.WebDriver.findElement(org.openqa.selenium.By)&amp;quot; because &amp;quot;this.driver&amp;quot; is null">
      <![CDATA[java.lang.NullPointerException: Cannot invoke "org.openqa.selenium.WebDriver.findElement(org.openqa.selenium.By)" because "this.driver" is null
at com.excelr.module3.Assignment3.FillForm(Assignment3.java:49)
... Removed 25 stack frames]]>
    </failure>
  </testcase> <!-- FillForm -->
</testsuite> <!-- Test -->
